# JRE version: Java(TM) SE Runtime Environment (7.0_75-b13) (build 1.7.0_75-b13)
# Java VM: Java HotSpot(TM) 64-Bit Server VM (24.75-b04 mixed mode windows-amd64 compressed oops)
Heap
 PSYoungGen      total 91648K, used 64K [0x00000000f5500000, 0x00000000faf80000, 0x0000000100000000)
  eden space 90624K, 0% used [0x00000000f5500000,0x00000000f5500000,0x00000000fad80000)
  from space 1024K, 6% used [0x00000000fad80000,0x00000000fad90000,0x00000000fae80000)
  to   space 1024K, 0% used [0x00000000fae80000,0x00000000fae80000,0x00000000faf80000)
 ParOldGen       total 74752K, used 60698K [0x00000000e0000000, 0x00000000e4900000, 0x00000000f5500000)
  object space 74752K, 81% used [0x00000000e0000000,0x00000000e3b46828,0x00000000e4900000)
 PSPermGen       total 83456K, used 83105K [0x00000000d0000000, 0x00000000d5180000, 0x00000000e0000000)
  object space 83456K, 99% used [0x00000000d0000000,0x00000000d5128688,0x00000000d5180000)
GC Heap History (10 events):
Event: 6521.213 GC heap after
Heap after GC invocations=225 (full 108):
 PSYoungGen      total 91648K, used 64K [0x00000000f5500000, 0x00000000faf80000, 0x0000000100000000)
  eden space 90624K, 0% used [0x00000000f5500000,0x00000000f5500000,0x00000000fad80000)
  from space 1024K, 6% used [0x00000000fad80000,0x00000000fad90000,0x00000000fae80000)
  to   space 1024K, 0% used [0x00000000fae80000,0x00000000fae80000,0x00000000faf80000)
 ParOldGen       total 74752K, used 60697K [0x00000000e0000000, 0x00000000e4900000, 0x00000000f5500000)
  object space 74752K, 81% used [0x00000000e0000000,0x00000000e3b46718,0x00000000e4900000)
 PSPermGen       total 83456K, used 83105K [0x00000000d0000000, 0x00000000d5180000, 0x00000000e0000000)
  object space 83456K, 99% used [0x00000000d0000000,0x00000000d5128688,0x00000000d5180000)
}
Event: 6521.213 GC heap before
{Heap before GC invocations=226 (full 109):
 PSYoungGen      total 91648K, used 64K [0x00000000f5500000, 0x00000000faf80000, 0x0000000100000000)
  eden space 90624K, 0% used [0x00000000f5500000,0x00000000f5500000,0x00000000fad80000)
  from space 1024K, 6% used [0x00000000fad80000,0x00000000fad90000,0x00000000fae80000)
  to   space 1024K, 0% used [0x00000000fae80000,0x00000000fae80000,0x00000000faf80000)
 ParOldGen       total 74752K, used 60697K [0x00000000e0000000, 0x00000000e4900000, 0x00000000f5500000)
  object space 74752K, 81% used [0x00000000e0000000,0x00000000e3b46718,0x00000000e4900000)
 PSPermGen       total 83456K, used 83105K [0x00000000d0000000, 0x00000000d5180000, 0x00000000e0000000)
  object space 83456K, 99% used [0x00000000d0000000,0x00000000d5128688,0x00000000d5180000)
Event: 6521.438 GC heap after
Heap after GC invocations=226 (full 109):
 PSYoungGen      total 91648K, used 0K [0x00000000f5500000, 0x00000000faf80000, 0x0000000100000000)
  eden space 90624K, 0% used [0x00000000f5500000,0x00000000f5500000,0x00000000fad80000)
  from space 1024K, 0% used [0x00000000fad80000,0x00000000fad80000,0x00000000fae80000)
  to   space 1024K, 0% used [0x00000000fae80000,0x00000000fae80000,0x00000000faf80000)
 ParOldGen       total 74752K, used 60697K [0x00000000e0000000, 0x00000000e4900000, 0x00000000f5500000)
  object space 74752K, 81% used [0x00000000e0000000,0x00000000e3b46718,0x00000000e4900000)
 PSPermGen       total 83456K, used 83105K [0x00000000d0000000, 0x00000000d5180000, 0x00000000e0000000)
  object space 83456K, 99% used [0x00000000d0000000,0x00000000d5128688,0x00000000d5180000)
}
Event: 6581.214 GC heap before
{Heap before GC invocations=227 (full 109):
 PSYoungGen      total 91648K, used 1678K [0x00000000f5500000, 0x00000000faf80000, 0x0000000100000000)
  eden space 90624K, 1% used [0x00000000f5500000,0x00000000f56a3900,0x00000000fad80000)
  from space 1024K, 0% used [0x00000000fad80000,0x00000000fad80000,0x00000000fae80000)
  to   space 1024K, 0% used [0x00000000fae80000,0x00000000fae80000,0x00000000faf80000)
 ParOldGen       total 74752K, used 60697K [0x00000000e0000000, 0x00000000e4900000, 0x00000000f5500000)
  object space 74752K, 81% used [0x00000000e0000000,0x00000000e3b46718,0x00000000e4900000)
 PSPermGen       total 83456K, used 83105K [0x00000000d0000000, 0x00000000d5180000, 0x00000000e0000000)
  object space 83456K, 99% used [0x00000000d0000000,0x00000000d5128688,0x00000000d5180000)
Event: 6581.225 GC heap after
Heap after GC invocations=227 (full 109):
 PSYoungGen      total 91648K, used 64K [0x00000000f5500000, 0x00000000faf80000, 0x0000000100000000)
  eden space 90624K, 0% used [0x00000000f5500000,0x00000000f5500000,0x00000000fad80000)
  from space 1024K, 6% used [0x00000000fae80000,0x00000000fae90000,0x00000000faf80000)
  to   space 1024K, 0% used [0x00000000fad80000,0x00000000fad80000,0x00000000fae80000)
 ParOldGen       total 74752K, used 60697K [0x00000000e0000000, 0x00000000e4900000, 0x00000000f5500000)
  object space 74752K, 81% used [0x00000000e0000000,0x00000000e3b46718,0x00000000e4900000)
 PSPermGen       total 83456K, used 83105K [0x00000000d0000000, 0x00000000d5180000, 0x00000000e0000000)
  object space 83456K, 99% used [0x00000000d0000000,0x00000000d5128688,0x00000000d5180000)
}
Event: 6581.225 GC heap before
{Heap before GC invocations=228 (full 110):
 PSYoungGen      total 91648K, used 64K [0x00000000f5500000, 0x00000000faf80000, 0x0000000100000000)
  eden space 90624K, 0% used [0x00000000f5500000,0x00000000f5500000,0x00000000fad80000)
  from space 1024K, 6% used [0x00000000fae80000,0x00000000fae90000,0x00000000faf80000)
  to   space 1024K, 0% used [0x00000000fad80000,0x00000000fad80000,0x00000000fae80000)
 ParOldGen       total 74752K, used 60697K [0x00000000e0000000, 0x00000000e4900000, 0x00000000f5500000)
  object space 74752K, 81% used [0x00000000e0000000,0x00000000e3b46718,0x00000000e4900000)
 PSPermGen       total 83456K, used 83105K [0x00000000d0000000, 0x00000000d5180000, 0x00000000e0000000)
  object space 83456K, 99% used [0x00000000d0000000,0x00000000d5128688,0x00000000d5180000)
Event: 6581.456 GC heap after
Heap after GC invocations=228 (full 110):
 PSYoungGen      total 91648K, used 0K [0x00000000f5500000, 0x00000000faf80000, 0x0000000100000000)
  eden space 90624K, 0% used [0x00000000f5500000,0x00000000f5500000,0x00000000fad80000)
  from space 1024K, 0% used [0x00000000fae80000,0x00000000fae80000,0x00000000faf80000)
  to   space 1024K, 0% used [0x00000000fad80000,0x00000000fad80000,0x00000000fae80000)
 ParOldGen       total 74752K, used 60698K [0x00000000e0000000, 0x00000000e4900000, 0x00000000f5500000)
  object space 74752K, 81% used [0x00000000e0000000,0x00000000e3b46828,0x00000000e4900000)
 PSPermGen       total 83456K, used 83105K [0x00000000d0000000, 0x00000000d5180000, 0x00000000e0000000)
  object space 83456K, 99% used [0x00000000d0000000,0x00000000d5128688,0x00000000d5180000)
}
Event: 6641.227 GC heap before
{Heap before GC invocations=229 (full 110):
 PSYoungGen      total 91648K, used 1678K [0x00000000f5500000, 0x00000000faf80000, 0x0000000100000000)
  eden space 90624K, 1% used [0x00000000f5500000,0x00000000f56a3900,0x00000000fad80000)
  from space 1024K, 0% used [0x00000000fae80000,0x00000000fae80000,0x00000000faf80000)
  to   space 1024K, 0% used [0x00000000fad80000,0x00000000fad80000,0x00000000fae80000)
 ParOldGen       total 74752K, used 60698K [0x00000000e0000000, 0x00000000e4900000, 0x00000000f5500000)
  object space 74752K, 81% used [0x00000000e0000000,0x00000000e3b46828,0x00000000e4900000)
 PSPermGen       total 83456K, used 83105K [0x00000000d0000000, 0x00000000d5180000, 0x00000000e0000000)
  object space 83456K, 99% used [0x00000000d0000000,0x00000000d5128688,0x00000000d5180000)
Event: 6641.246 GC heap after
Heap after GC invocations=229 (full 110):
 PSYoungGen      total 91648K, used 64K [0x00000000f5500000, 0x00000000faf80000, 0x0000000100000000)
  eden space 90624K, 0% used [0x00000000f5500000,0x00000000f5500000,0x00000000fad80000)
  from space 1024K, 6% used [0x00000000fad80000,0x00000000fad90000,0x00000000fae80000)
  to   space 1024K, 0% used [0x00000000fae80000,0x00000000fae80000,0x00000000faf80000)
 ParOldGen       total 74752K, used 60698K [0x00000000e0000000, 0x00000000e4900000, 0x00000000f5500000)
  object space 74752K, 81% used [0x00000000e0000000,0x00000000e3b46828,0x00000000e4900000)
 PSPermGen       total 83456K, used 83105K [0x00000000d0000000, 0x00000000d5180000, 0x00000000e0000000)
  object space 83456K, 99% used [0x00000000d0000000,0x00000000d5128688,0x00000000d5180000)
}
Event: 6641.246 GC heap before
{Heap before GC invocations=230 (full 111):
 PSYoungGen      total 91648K, used 64K [0x00000000f5500000, 0x00000000faf80000, 0x0000000100000000)
  eden space 90624K, 0% used [0x00000000f5500000,0x00000000f5500000,0x00000000fad80000)
  from space 1024K, 6% used [0x00000000fad80000,0x00000000fad90000,0x00000000fae80000)
  to   space 1024K, 0% used [0x00000000fae80000,0x00000000fae80000,0x00000000faf80000)
 ParOldGen       total 74752K, used 60698K [0x00000000e0000000, 0x00000000e4900000, 0x00000000f5500000)
  object space 74752K, 81% used [0x00000000e0000000,0x00000000e3b46828,0x00000000e4900000)
 PSPermGen       total 83456K, used 83105K [0x00000000d0000000, 0x00000000d5180000, 0x00000000e0000000)
  object space 83456K, 99% used [0x00000000d0000000,0x00000000d5128688,0x00000000d5180000)

