# JRE version: Java(TM) SE Runtime Environment (7.0_75-b13) (build 1.7.0_75-b13)
# Java VM: Java HotSpot(TM) 64-Bit Server VM (24.75-b04 mixed mode windows-amd64 compressed oops)
Heap
 PSYoungGen      total 91648K, used 1816K [0x00000000f5500000, 0x00000000fc780000, 0x0000000100000000)
  eden space 89600K, 0% used [0x00000000f5500000,0x00000000f5500000,0x00000000fac80000)
  from space 2048K, 88% used [0x00000000fac80000,0x00000000fae460b0,0x00000000fae80000)
  to   space 13824K, 0% used [0x00000000fba00000,0x00000000fba00000,0x00000000fc780000)
 ParOldGen       total 134656K, used 104171K [0x00000000e0000000, 0x00000000e8380000, 0x00000000f5500000)
  object space 134656K, 77% used [0x00000000e0000000,0x00000000e65bae90,0x00000000e8380000)
 PSPermGen       total 129536K, used 124328K [0x00000000d0000000, 0x00000000d7e80000, 0x00000000e0000000)
  object space 129536K, 95% used [0x00000000d0000000,0x00000000d796a108,0x00000000d7e80000)
GC Heap History (10 events):
Event: 1683.244 GC heap after
Heap after GC invocations=100 (full 35):
 PSYoungGen      total 103424K, used 7868K [0x00000000f5500000, 0x00000000fc880000, 0x0000000100000000)
  eden space 89600K, 0% used [0x00000000f5500000,0x00000000f5500000,0x00000000fac80000)
  from space 13824K, 56% used [0x00000000fac80000,0x00000000fb42f050,0x00000000fba00000)
  to   space 14336K, 0% used [0x00000000fba80000,0x00000000fba80000,0x00000000fc880000)
 ParOldGen       total 134656K, used 102057K [0x00000000e0000000, 0x00000000e8380000, 0x00000000f5500000)
  object space 134656K, 75% used [0x00000000e0000000,0x00000000e63aa598,0x00000000e8380000)
 PSPermGen       total 128000K, used 124059K [0x00000000d0000000, 0x00000000d7d00000, 0x00000000e0000000)
  object space 128000K, 96% used [0x00000000d0000000,0x00000000d7926e50,0x00000000d7d00000)
}
Event: 1683.244 GC heap before
{Heap before GC invocations=101 (full 36):
 PSYoungGen      total 103424K, used 7868K [0x00000000f5500000, 0x00000000fc880000, 0x0000000100000000)
  eden space 89600K, 0% used [0x00000000f5500000,0x00000000f5500000,0x00000000fac80000)
  from space 13824K, 56% used [0x00000000fac80000,0x00000000fb42f050,0x00000000fba00000)
  to   space 14336K, 0% used [0x00000000fba80000,0x00000000fba80000,0x00000000fc880000)
 ParOldGen       total 134656K, used 102057K [0x00000000e0000000, 0x00000000e8380000, 0x00000000f5500000)
  object space 134656K, 75% used [0x00000000e0000000,0x00000000e63aa598,0x00000000e8380000)
 PSPermGen       total 128000K, used 124059K [0x00000000d0000000, 0x00000000d7d00000, 0x00000000e0000000)
  object space 128000K, 96% used [0x00000000d0000000,0x00000000d7926e50,0x00000000d7d00000)
Event: 1683.947 GC heap after
Heap after GC invocations=101 (full 36):
 PSYoungGen      total 103424K, used 0K [0x00000000f5500000, 0x00000000fc880000, 0x0000000100000000)
  eden space 89600K, 0% used [0x00000000f5500000,0x00000000f5500000,0x00000000fac80000)
  from space 13824K, 0% used [0x00000000fac80000,0x00000000fac80000,0x00000000fba00000)
  to   space 14336K, 0% used [0x00000000fba80000,0x00000000fba80000,0x00000000fc880000)
 ParOldGen       total 134656K, used 106130K [0x00000000e0000000, 0x00000000e8380000, 0x00000000f5500000)
  object space 134656K, 78% used [0x00000000e0000000,0x00000000e67a4b58,0x00000000e8380000)
 PSPermGen       total 129536K, used 124053K [0x00000000d0000000, 0x00000000d7e80000, 0x00000000e0000000)
  object space 129536K, 95% used [0x00000000d0000000,0x00000000d7925728,0x00000000d7e80000)
}
Event: 1743.221 GC heap before
{Heap before GC invocations=102 (full 36):
 PSYoungGen      total 103424K, used 28144K [0x00000000f5500000, 0x00000000fc880000, 0x0000000100000000)
  eden space 89600K, 31% used [0x00000000f5500000,0x00000000f707c100,0x00000000fac80000)
  from space 13824K, 0% used [0x00000000fac80000,0x00000000fac80000,0x00000000fba00000)
  to   space 14336K, 0% used [0x00000000fba80000,0x00000000fba80000,0x00000000fc880000)
 ParOldGen       total 134656K, used 106130K [0x00000000e0000000, 0x00000000e8380000, 0x00000000f5500000)
  object space 134656K, 78% used [0x00000000e0000000,0x00000000e67a4b58,0x00000000e8380000)
 PSPermGen       total 129536K, used 124062K [0x00000000d0000000, 0x00000000d7e80000, 0x00000000e0000000)
  object space 129536K, 95% used [0x00000000d0000000,0x00000000d79279e0,0x00000000d7e80000)
Event: 1743.240 GC heap after
Heap after GC invocations=102 (full 36):
 PSYoungGen      total 103936K, used 512K [0x00000000f5500000, 0x00000000fc880000, 0x0000000100000000)
  eden space 89600K, 0% used [0x00000000f5500000,0x00000000f5500000,0x00000000fac80000)
  from space 14336K, 3% used [0x00000000fba80000,0x00000000fbb00000,0x00000000fc880000)
  to   space 14336K, 0% used [0x00000000fac80000,0x00000000fac80000,0x00000000fba80000)
 ParOldGen       total 134656K, used 106130K [0x00000000e0000000, 0x00000000e8380000, 0x00000000f5500000)
  object space 134656K, 78% used [0x00000000e0000000,0x00000000e67a4b58,0x00000000e8380000)
 PSPermGen       total 129536K, used 124062K [0x00000000d0000000, 0x00000000d7e80000, 0x00000000e0000000)
  object space 129536K, 95% used [0x00000000d0000000,0x00000000d79279e0,0x00000000d7e80000)
}
Event: 1743.240 GC heap before
{Heap before GC invocations=103 (full 37):
 PSYoungGen      total 103936K, used 512K [0x00000000f5500000, 0x00000000fc880000, 0x0000000100000000)
  eden space 89600K, 0% used [0x00000000f5500000,0x00000000f5500000,0x00000000fac80000)
  from space 14336K, 3% used [0x00000000fba80000,0x00000000fbb00000,0x00000000fc880000)
  to   space 14336K, 0% used [0x00000000fac80000,0x00000000fac80000,0x00000000fba80000)
 ParOldGen       total 134656K, used 106130K [0x00000000e0000000, 0x00000000e8380000, 0x00000000f5500000)
  object space 134656K, 78% used [0x00000000e0000000,0x00000000e67a4b58,0x00000000e8380000)
 PSPermGen       total 129536K, used 124062K [0x00000000d0000000, 0x00000000d7e80000, 0x00000000e0000000)
  object space 129536K, 95% used [0x00000000d0000000,0x00000000d79279e0,0x00000000d7e80000)
Event: 1743.871 GC heap after
Heap after GC invocations=103 (full 37):
 PSYoungGen      total 103936K, used 0K [0x00000000f5500000, 0x00000000fc880000, 0x0000000100000000)
  eden space 89600K, 0% used [0x00000000f5500000,0x00000000f5500000,0x00000000fac80000)
  from space 14336K, 0% used [0x00000000fba80000,0x00000000fba80000,0x00000000fc880000)
  to   space 14336K, 0% used [0x00000000fac80000,0x00000000fac80000,0x00000000fba80000)
 ParOldGen       total 134656K, used 104171K [0x00000000e0000000, 0x00000000e8380000, 0x00000000f5500000)
  object space 134656K, 77% used [0x00000000e0000000,0x00000000e65bae90,0x00000000e8380000)
 PSPermGen       total 129536K, used 124062K [0x00000000d0000000, 0x00000000d7e80000, 0x00000000e0000000)
  object space 129536K, 95% used [0x00000000d0000000,0x00000000d7927980,0x00000000d7e80000)
}
Event: 1803.222 GC heap before
{Heap before GC invocations=104 (full 37):
 PSYoungGen      total 103936K, used 56664K [0x00000000f5500000, 0x00000000fc880000, 0x0000000100000000)
  eden space 89600K, 63% used [0x00000000f5500000,0x00000000f8c56388,0x00000000fac80000)
  from space 14336K, 0% used [0x00000000fba80000,0x00000000fba80000,0x00000000fc880000)
  to   space 14336K, 0% used [0x00000000fac80000,0x00000000fac80000,0x00000000fba80000)
 ParOldGen       total 134656K, used 104171K [0x00000000e0000000, 0x00000000e8380000, 0x00000000f5500000)
  object space 134656K, 77% used [0x00000000e0000000,0x00000000e65bae90,0x00000000e8380000)
 PSPermGen       total 129536K, used 124328K [0x00000000d0000000, 0x00000000d7e80000, 0x00000000e0000000)
  object space 129536K, 95% used [0x00000000d0000000,0x00000000d796a108,0x00000000d7e80000)
Event: 1803.243 GC heap after
Heap after GC invocations=104 (full 37):
 PSYoungGen      total 91648K, used 1816K [0x00000000f5500000, 0x00000000fc780000, 0x0000000100000000)
  eden space 89600K, 0% used [0x00000000f5500000,0x00000000f5500000,0x00000000fac80000)
  from space 2048K, 88% used [0x00000000fac80000,0x00000000fae460b0,0x00000000fae80000)
  to   space 13824K, 0% used [0x00000000fba00000,0x00000000fba00000,0x00000000fc780000)
 ParOldGen       total 134656K, used 104171K [0x00000000e0000000, 0x00000000e8380000, 0x00000000f5500000)
  object space 134656K, 77% used [0x00000000e0000000,0x00000000e65bae90,0x00000000e8380000)
 PSPermGen       total 129536K, used 124328K [0x00000000d0000000, 0x00000000d7e80000, 0x00000000e0000000)
  object space 129536K, 95% used [0x00000000d0000000,0x00000000d796a108,0x00000000d7e80000)
}
Event: 1803.243 GC heap before
{Heap before GC invocations=105 (full 38):
 PSYoungGen      total 91648K, used 1816K [0x00000000f5500000, 0x00000000fc780000, 0x0000000100000000)
  eden space 89600K, 0% used [0x00000000f5500000,0x00000000f5500000,0x00000000fac80000)
  from space 2048K, 88% used [0x00000000fac80000,0x00000000fae460b0,0x00000000fae80000)
  to   space 13824K, 0% used [0x00000000fba00000,0x00000000fba00000,0x00000000fc780000)
 ParOldGen       total 134656K, used 104171K [0x00000000e0000000, 0x00000000e8380000, 0x00000000f5500000)
  object space 134656K, 77% used [0x00000000e0000000,0x00000000e65bae90,0x00000000e8380000)
 PSPermGen       total 129536K, used 124328K [0x00000000d0000000, 0x00000000d7e80000, 0x00000000e0000000)
  object space 129536K, 95% used [0x00000000d0000000,0x00000000d796a108,0x00000000d7e80000)

